<?xml version="1.0" encoding="UTF-8"?>
<testsuite xmlns:xsi="http://www.w3.org/2001/XMLSchema-instance" xsi:noNamespaceSchemaLocation="https://maven.apache.org/surefire/maven-surefire-plugin/xsd/surefire-test-report.xsd" name="Tests.SearchTest" time="275.558" tests="3" errors="0" skipped="0" failures="0">
  <properties>
[...]
</properties>
  <testcase name="cartItemFromSearch" classname="Tests.SearchTest" time="85.37"/>
  <testcase name="checkTapOnSearch" classname="Tests.SearchTest" time="67.739"/>
  <testcase name="checkElementOnSearch" classname="Tests.SearchTest" time="121.872"/>
</testsuite>