-------------------------------------------------------------------------------
Test set: Tests.CartItemTest
-------------------------------------------------------------------------------
Tests run: 7, Failures: 0, Errors: 2, Skipped: 0, Time elapsed: 975.92 s <<< FAILURE! - in Tests.CartItemTest
checkDefaultPickup(Tests.CartItemTest)  Time elapsed: 328.845 s  <<< ERROR!
org.openqa.selenium.NoSuchSessionException: 
A session is either terminated or not started
Build info: version: '3.141.59', revision: 'e82be7d358', time: '2018-11-14T08:17:03'
System info: host: 'Air-Tester.Dlink', ip: 'fe80:0:0:0:1857:b55f:c10d:9ac4%en0', os.name: 'Mac OS X', os.arch: 'x86_64', os.version: '11.5.2', java.version: '17.0.1'
Driver info: io.appium.java_client.ios.IOSDriver
Capabilities {app: /Users/testerkingbird/Downl..., automationName: XCUITest, browserName: , databaseEnabled: false, deviceName: iPhone 8 plus, fullReset: true, javascriptEnabled: true, locationContextEnabled: false, networkConnectionEnabled: false, platform: MAC, platformName: MAC, platformVersion: 14.8, takesScreenshot: true, udid: 0620518dec780882c15469155fd..., webStorageEnabled: false}
Session ID: d4feeddf-a49c-44b8-9f1b-649eec079852

checkItemWithRichContent(Tests.CartItemTest)  Time elapsed: 56.425 s  <<< ERROR!
org.openqa.selenium.TimeoutException: Expected condition failed: waiting for presence of element located by: By.xpath: //XCUIElementTypeButton[@name="СloseWhite"] (tried for 15 second(s) with 500 milliseconds interval)
	at Tests.CartItemTest.checkItemWithRichContent(CartItemTest.java:96)
Caused by: org.openqa.selenium.NoSuchElementException: 
An element could not be located on the page using the given search parameters.
For documentation on this error, please visit: https://www.seleniumhq.org/exceptions/no_such_element.html
Build info: version: '3.141.59', revision: 'e82be7d358', time: '2018-11-14T08:17:03'
System info: host: 'Air-Tester.Dlink', ip: 'fe80:0:0:0:1857:b55f:c10d:9ac4%en0', os.name: 'Mac OS X', os.arch: 'x86_64', os.version: '11.5.2', java.version: '17.0.1'
Driver info: io.appium.java_client.ios.IOSDriver
Capabilities {app: /Users/testerkingbird/Downl..., automationName: XCUITest, browserName: , databaseEnabled: false, deviceName: iPhone 8 plus, fullReset: true, javascriptEnabled: true, locationContextEnabled: false, networkConnectionEnabled: false, platform: MAC, platformName: MAC, platformVersion: 14.8, takesScreenshot: true, udid: 0620518dec780882c15469155fd..., webStorageEnabled: false}
Session ID: bdc2b742-3a9c-4146-897b-0842da6104f2
*** Element info: {Using=xpath, value=//XCUIElementTypeButton[@name="СloseWhite"]}
	at Tests.CartItemTest.checkItemWithRichContent(CartItemTest.java:96)

