<?xml version="1.0" encoding="UTF-8"?>
<testsuite xmlns:xsi="http://www.w3.org/2001/XMLSchema-instance" xsi:noNamespaceSchemaLocation="https://maven.apache.org/surefire/maven-surefire-plugin/xsd/surefire-test-report.xsd" name="Tests.CartItemTest" time="266.389" tests="5" errors="5" skipped="0" failures="0">
  <properties>
[...]
</properties>
  <testcase name="checkElementOnCartItem" classname="Tests.CartItemTest" time="52.859">
    <error message="Expected condition failed: waiting for presence of element located by: By.xpath: //XCUIElementTypeApplication[@name=&quot;Sportmaster&quot;]/XCUIElementTypeWindow[1]/XCUIElementTypeOther/XCUIElementTypeOther/XCUIElementTypeOther/XCUIElementTypeOther/XCUIElementTypeOther/XCUIElementTypeOther/XCUIElementTypeOther/XCUIElementTypeOther/XCUIElementTypeOther/XCUIElementTypeOther[2]/XCUIElementTypeCollectionView/XCUIElementTypeCell[1]/XCUIElementTypeOther/XCUIElementTypeOther[1] (tried for 15 second(s) with 500 milliseconds interval)" type="org.openqa.selenium.TimeoutException">org.openqa.selenium.TimeoutException: Expected condition failed: waiting for presence of element located by: By.xpath: //XCUIElementTypeApplication[@name="Sportmaster"]/XCUIElementTypeWindow[1]/XCUIElementTypeOther/XCUIElementTypeOther/XCUIElementTypeOther/XCUIElementTypeOther/XCUIElementTypeOther/XCUIElementTypeOther/XCUIElementTypeOther/XCUIElementTypeOther/XCUIElementTypeOther/XCUIElementTypeOther[2]/XCUIElementTypeCollectionView/XCUIElementTypeCell[1]/XCUIElementTypeOther/XCUIElementTypeOther[1] (tried for 15 second(s) with 500 milliseconds interval)
	at Tests.CartItemTest.checkElementOnCartItem(CartItemTest.java:13)
Caused by: org.openqa.selenium.NoSuchElementException: 
An element could not be located on the page using the given search parameters.
For documentation on this error, please visit: https://www.seleniumhq.org/exceptions/no_such_element.html
Build info: version: '3.141.59', revision: 'e82be7d358', time: '2018-11-14T08:17:03'
System info: host: 'MacBook-Air-Tester.local', ip: 'fe80:0:0:0:d4:82c4:da20:3c38%en0', os.name: 'Mac OS X', os.arch: 'x86_64', os.version: '11.5.2', java.version: '17.0.1'
Driver info: io.appium.java_client.ios.IOSDriver
Capabilities {app: /Users/testerkingbird/Downl..., automationName: XCUITest, browserName: , databaseEnabled: false, deviceName: iPhone 8 plus, javascriptEnabled: true, locationContextEnabled: false, networkConnectionEnabled: false, noReset: true, platform: MAC, platformName: MAC, platformVersion: 14.8, takesScreenshot: true, udid: 0620518dec780882c15469155fd..., webStorageEnabled: false}
Session ID: c1475a3d-247a-493b-add6-ad3c06780a68
*** Element info: {Using=xpath, value=//XCUIElementTypeApplication[@name="Sportmaster"]/XCUIElementTypeWindow[1]/XCUIElementTypeOther/XCUIElementTypeOther/XCUIElementTypeOther/XCUIElementTypeOther/XCUIElementTypeOther/XCUIElementTypeOther/XCUIElementTypeOther/XCUIElementTypeOther/XCUIElementTypeOther/XCUIElementTypeOther[2]/XCUIElementTypeCollectionView/XCUIElementTypeCell[1]/XCUIElementTypeOther/XCUIElementTypeOther[1]}
	at Tests.CartItemTest.checkElementOnCartItem(CartItemTest.java:13)
</error>
    <system-out><![CDATA[Приложение запущено

Click on element: By.xpath: //XCUIElementTypeApplication[@name="Sportmaster"]/XCUIElementTypeWindow[1]/XCUIElementTypeOther/XCUIElementTypeTabBar/XCUIElementTypeOther/XCUIElementTypeButton[2]
Click on element: By.xpath: //XCUIElementTypeSearchField[@name=" Поиск по каталогу"]
Click on element: By.xpath: //XCUIElementTypeButton[@name="Search"]

Приложение закрыто
]]></system-out>
    <system-err><![CDATA[нояб. 30, 2021 3:22:54 PM io.appium.java_client.remote.AppiumCommandExecutor$1 lambda$0
INFO: Detected dialect: W3C
]]></system-err>
  </testcase>
  <testcase name="checkSnackChooseSize" classname="Tests.CartItemTest" time="52.844">
    <error message="Expected condition failed: waiting for presence of element located by: By.xpath: //XCUIElementTypeApplication[@name=&quot;Sportmaster&quot;]/XCUIElementTypeWindow[1]/XCUIElementTypeOther/XCUIElementTypeOther/XCUIElementTypeOther/XCUIElementTypeOther/XCUIElementTypeOther/XCUIElementTypeOther/XCUIElementTypeOther/XCUIElementTypeOther/XCUIElementTypeOther/XCUIElementTypeOther[2]/XCUIElementTypeCollectionView/XCUIElementTypeCell[1]/XCUIElementTypeOther/XCUIElementTypeOther[1] (tried for 15 second(s) with 500 milliseconds interval)" type="org.openqa.selenium.TimeoutException">org.openqa.selenium.TimeoutException: Expected condition failed: waiting for presence of element located by: By.xpath: //XCUIElementTypeApplication[@name="Sportmaster"]/XCUIElementTypeWindow[1]/XCUIElementTypeOther/XCUIElementTypeOther/XCUIElementTypeOther/XCUIElementTypeOther/XCUIElementTypeOther/XCUIElementTypeOther/XCUIElementTypeOther/XCUIElementTypeOther/XCUIElementTypeOther/XCUIElementTypeOther[2]/XCUIElementTypeCollectionView/XCUIElementTypeCell[1]/XCUIElementTypeOther/XCUIElementTypeOther[1] (tried for 15 second(s) with 500 milliseconds interval)
	at Tests.CartItemTest.checkSnackChooseSize(CartItemTest.java:94)
Caused by: org.openqa.selenium.NoSuchElementException: 
An element could not be located on the page using the given search parameters.
For documentation on this error, please visit: https://www.seleniumhq.org/exceptions/no_such_element.html
Build info: version: '3.141.59', revision: 'e82be7d358', time: '2018-11-14T08:17:03'
System info: host: 'MacBook-Air-Tester.local', ip: 'fe80:0:0:0:d4:82c4:da20:3c38%en0', os.name: 'Mac OS X', os.arch: 'x86_64', os.version: '11.5.2', java.version: '17.0.1'
Driver info: io.appium.java_client.ios.IOSDriver
Capabilities {app: /Users/testerkingbird/Downl..., automationName: XCUITest, browserName: , databaseEnabled: false, deviceName: iPhone 8 plus, javascriptEnabled: true, locationContextEnabled: false, networkConnectionEnabled: false, noReset: true, platform: MAC, platformName: MAC, platformVersion: 14.8, takesScreenshot: true, udid: 0620518dec780882c15469155fd..., webStorageEnabled: false}
Session ID: 832202e7-6c59-4780-99a2-484a12d01768
*** Element info: {Using=xpath, value=//XCUIElementTypeApplication[@name="Sportmaster"]/XCUIElementTypeWindow[1]/XCUIElementTypeOther/XCUIElementTypeOther/XCUIElementTypeOther/XCUIElementTypeOther/XCUIElementTypeOther/XCUIElementTypeOther/XCUIElementTypeOther/XCUIElementTypeOther/XCUIElementTypeOther/XCUIElementTypeOther[2]/XCUIElementTypeCollectionView/XCUIElementTypeCell[1]/XCUIElementTypeOther/XCUIElementTypeOther[1]}
	at Tests.CartItemTest.checkSnackChooseSize(CartItemTest.java:94)
</error>
    <system-out><![CDATA[Приложение запущено

Click on element: By.xpath: //XCUIElementTypeApplication[@name="Sportmaster"]/XCUIElementTypeWindow[1]/XCUIElementTypeOther/XCUIElementTypeTabBar/XCUIElementTypeOther/XCUIElementTypeButton[2]
Click on element: By.xpath: //XCUIElementTypeSearchField[@name=" Поиск по каталогу"]
Click on element: By.xpath: //XCUIElementTypeButton[@name="Search"]

Приложение закрыто
]]></system-out>
    <system-err><![CDATA[нояб. 30, 2021 3:23:47 PM io.appium.java_client.remote.AppiumCommandExecutor$1 lambda$0
INFO: Detected dialect: W3C
]]></system-err>
  </testcase>
  <testcase name="imageGallery" classname="Tests.CartItemTest" time="53.267">
    <error message="Expected condition failed: waiting for presence of element located by: By.xpath: //XCUIElementTypeApplication[@name=&quot;Sportmaster&quot;]/XCUIElementTypeWindow[1]/XCUIElementTypeOther/XCUIElementTypeOther/XCUIElementTypeOther/XCUIElementTypeOther/XCUIElementTypeOther/XCUIElementTypeOther/XCUIElementTypeOther/XCUIElementTypeOther/XCUIElementTypeOther/XCUIElementTypeOther[2]/XCUIElementTypeCollectionView/XCUIElementTypeCell[1]/XCUIElementTypeOther/XCUIElementTypeOther[1] (tried for 15 second(s) with 500 milliseconds interval)" type="org.openqa.selenium.TimeoutException">org.openqa.selenium.TimeoutException: Expected condition failed: waiting for presence of element located by: By.xpath: //XCUIElementTypeApplication[@name="Sportmaster"]/XCUIElementTypeWindow[1]/XCUIElementTypeOther/XCUIElementTypeOther/XCUIElementTypeOther/XCUIElementTypeOther/XCUIElementTypeOther/XCUIElementTypeOther/XCUIElementTypeOther/XCUIElementTypeOther/XCUIElementTypeOther/XCUIElementTypeOther[2]/XCUIElementTypeCollectionView/XCUIElementTypeCell[1]/XCUIElementTypeOther/XCUIElementTypeOther[1] (tried for 15 second(s) with 500 milliseconds interval)
	at Tests.CartItemTest.imageGallery(CartItemTest.java:40)
Caused by: org.openqa.selenium.NoSuchElementException: 
An element could not be located on the page using the given search parameters.
For documentation on this error, please visit: https://www.seleniumhq.org/exceptions/no_such_element.html
Build info: version: '3.141.59', revision: 'e82be7d358', time: '2018-11-14T08:17:03'
System info: host: 'MacBook-Air-Tester.local', ip: 'fe80:0:0:0:d4:82c4:da20:3c38%en0', os.name: 'Mac OS X', os.arch: 'x86_64', os.version: '11.5.2', java.version: '17.0.1'
Driver info: io.appium.java_client.ios.IOSDriver
Capabilities {app: /Users/testerkingbird/Downl..., automationName: XCUITest, browserName: , databaseEnabled: false, deviceName: iPhone 8 plus, javascriptEnabled: true, locationContextEnabled: false, networkConnectionEnabled: false, noReset: true, platform: MAC, platformName: MAC, platformVersion: 14.8, takesScreenshot: true, udid: 0620518dec780882c15469155fd..., webStorageEnabled: false}
Session ID: 530291d0-b0a8-4cf0-bf83-fec2eccc37ee
*** Element info: {Using=xpath, value=//XCUIElementTypeApplication[@name="Sportmaster"]/XCUIElementTypeWindow[1]/XCUIElementTypeOther/XCUIElementTypeOther/XCUIElementTypeOther/XCUIElementTypeOther/XCUIElementTypeOther/XCUIElementTypeOther/XCUIElementTypeOther/XCUIElementTypeOther/XCUIElementTypeOther/XCUIElementTypeOther[2]/XCUIElementTypeCollectionView/XCUIElementTypeCell[1]/XCUIElementTypeOther/XCUIElementTypeOther[1]}
	at Tests.CartItemTest.imageGallery(CartItemTest.java:40)
</error>
    <system-out><![CDATA[Приложение запущено

Click on element: By.xpath: //XCUIElementTypeApplication[@name="Sportmaster"]/XCUIElementTypeWindow[1]/XCUIElementTypeOther/XCUIElementTypeTabBar/XCUIElementTypeOther/XCUIElementTypeButton[2]
Click on element: By.xpath: //XCUIElementTypeSearchField[@name=" Поиск по каталогу"]
Click on element: By.xpath: //XCUIElementTypeButton[@name="Search"]

Приложение закрыто
]]></system-out>
    <system-err><![CDATA[нояб. 30, 2021 3:24:39 PM io.appium.java_client.remote.AppiumCommandExecutor$1 lambda$0
INFO: Detected dialect: W3C
]]></system-err>
  </testcase>
  <testcase name="checkItemWithRichContent" classname="Tests.CartItemTest" time="54.739">
    <error message="Expected condition failed: waiting for presence of element located by: By.xpath: //XCUIElementTypeApplication[@name=&quot;Sportmaster&quot;]/XCUIElementTypeWindow[1]/XCUIElementTypeOther/XCUIElementTypeOther/XCUIElementTypeOther/XCUIElementTypeOther/XCUIElementTypeOther/XCUIElementTypeOther/XCUIElementTypeOther/XCUIElementTypeOther/XCUIElementTypeOther/XCUIElementTypeOther[2]/XCUIElementTypeCollectionView/XCUIElementTypeCell[1]/XCUIElementTypeOther/XCUIElementTypeOther[1] (tried for 15 second(s) with 500 milliseconds interval)" type="org.openqa.selenium.TimeoutException">org.openqa.selenium.TimeoutException: Expected condition failed: waiting for presence of element located by: By.xpath: //XCUIElementTypeApplication[@name="Sportmaster"]/XCUIElementTypeWindow[1]/XCUIElementTypeOther/XCUIElementTypeOther/XCUIElementTypeOther/XCUIElementTypeOther/XCUIElementTypeOther/XCUIElementTypeOther/XCUIElementTypeOther/XCUIElementTypeOther/XCUIElementTypeOther/XCUIElementTypeOther[2]/XCUIElementTypeCollectionView/XCUIElementTypeCell[1]/XCUIElementTypeOther/XCUIElementTypeOther[1] (tried for 15 second(s) with 500 milliseconds interval)
	at Tests.CartItemTest.checkItemWithRichContent(CartItemTest.java:66)
Caused by: org.openqa.selenium.NoSuchElementException: 
An element could not be located on the page using the given search parameters.
For documentation on this error, please visit: https://www.seleniumhq.org/exceptions/no_such_element.html
Build info: version: '3.141.59', revision: 'e82be7d358', time: '2018-11-14T08:17:03'
System info: host: 'MacBook-Air-Tester.local', ip: 'fe80:0:0:0:d4:82c4:da20:3c38%en0', os.name: 'Mac OS X', os.arch: 'x86_64', os.version: '11.5.2', java.version: '17.0.1'
Driver info: io.appium.java_client.ios.IOSDriver
Capabilities {app: /Users/testerkingbird/Downl..., automationName: XCUITest, browserName: , databaseEnabled: false, deviceName: iPhone 8 plus, javascriptEnabled: true, locationContextEnabled: false, networkConnectionEnabled: false, noReset: true, platform: MAC, platformName: MAC, platformVersion: 14.8, takesScreenshot: true, udid: 0620518dec780882c15469155fd..., webStorageEnabled: false}
Session ID: b7cb2bfb-24ca-48cf-b7fa-19271494ed63
*** Element info: {Using=xpath, value=//XCUIElementTypeApplication[@name="Sportmaster"]/XCUIElementTypeWindow[1]/XCUIElementTypeOther/XCUIElementTypeOther/XCUIElementTypeOther/XCUIElementTypeOther/XCUIElementTypeOther/XCUIElementTypeOther/XCUIElementTypeOther/XCUIElementTypeOther/XCUIElementTypeOther/XCUIElementTypeOther[2]/XCUIElementTypeCollectionView/XCUIElementTypeCell[1]/XCUIElementTypeOther/XCUIElementTypeOther[1]}
	at Tests.CartItemTest.checkItemWithRichContent(CartItemTest.java:66)
</error>
    <system-out><![CDATA[Приложение запущено

Click on element: By.xpath: //XCUIElementTypeApplication[@name="Sportmaster"]/XCUIElementTypeWindow[1]/XCUIElementTypeOther/XCUIElementTypeTabBar/XCUIElementTypeOther/XCUIElementTypeButton[2]
Click on element: By.xpath: //XCUIElementTypeSearchField[@name=" Поиск по каталогу"]
Click on element: By.xpath: //XCUIElementTypeButton[@name="Search"]

Приложение закрыто
]]></system-out>
    <system-err><![CDATA[нояб. 30, 2021 3:25:32 PM io.appium.java_client.remote.AppiumCommandExecutor$1 lambda$0
INFO: Detected dialect: W3C
]]></system-err>
  </testcase>
  <testcase name="openTableSize" classname="Tests.CartItemTest" time="52.663">
    <error message="Expected condition failed: waiting for presence of element located by: By.xpath: //XCUIElementTypeApplication[@name=&quot;Sportmaster&quot;]/XCUIElementTypeWindow[1]/XCUIElementTypeOther/XCUIElementTypeOther/XCUIElementTypeOther/XCUIElementTypeOther/XCUIElementTypeOther/XCUIElementTypeOther/XCUIElementTypeOther/XCUIElementTypeOther/XCUIElementTypeOther/XCUIElementTypeOther[2]/XCUIElementTypeCollectionView/XCUIElementTypeCell[1]/XCUIElementTypeOther/XCUIElementTypeOther[1] (tried for 15 second(s) with 500 milliseconds interval)" type="org.openqa.selenium.TimeoutException">org.openqa.selenium.TimeoutException: Expected condition failed: waiting for presence of element located by: By.xpath: //XCUIElementTypeApplication[@name="Sportmaster"]/XCUIElementTypeWindow[1]/XCUIElementTypeOther/XCUIElementTypeOther/XCUIElementTypeOther/XCUIElementTypeOther/XCUIElementTypeOther/XCUIElementTypeOther/XCUIElementTypeOther/XCUIElementTypeOther/XCUIElementTypeOther/XCUIElementTypeOther[2]/XCUIElementTypeCollectionView/XCUIElementTypeCell[1]/XCUIElementTypeOther/XCUIElementTypeOther[1] (tried for 15 second(s) with 500 milliseconds interval)
	at Tests.CartItemTest.openTableSize(CartItemTest.java:78)
Caused by: org.openqa.selenium.NoSuchElementException: 
An element could not be located on the page using the given search parameters.
For documentation on this error, please visit: https://www.seleniumhq.org/exceptions/no_such_element.html
Build info: version: '3.141.59', revision: 'e82be7d358', time: '2018-11-14T08:17:03'
System info: host: 'MacBook-Air-Tester.local', ip: 'fe80:0:0:0:d4:82c4:da20:3c38%en0', os.name: 'Mac OS X', os.arch: 'x86_64', os.version: '11.5.2', java.version: '17.0.1'
Driver info: io.appium.java_client.ios.IOSDriver
Capabilities {app: /Users/testerkingbird/Downl..., automationName: XCUITest, browserName: , databaseEnabled: false, deviceName: iPhone 8 plus, javascriptEnabled: true, locationContextEnabled: false, networkConnectionEnabled: false, noReset: true, platform: MAC, platformName: MAC, platformVersion: 14.8, takesScreenshot: true, udid: 0620518dec780882c15469155fd..., webStorageEnabled: false}
Session ID: a5583b5b-a5a0-4d49-a883-40ee5ebe6bd5
*** Element info: {Using=xpath, value=//XCUIElementTypeApplication[@name="Sportmaster"]/XCUIElementTypeWindow[1]/XCUIElementTypeOther/XCUIElementTypeOther/XCUIElementTypeOther/XCUIElementTypeOther/XCUIElementTypeOther/XCUIElementTypeOther/XCUIElementTypeOther/XCUIElementTypeOther/XCUIElementTypeOther/XCUIElementTypeOther[2]/XCUIElementTypeCollectionView/XCUIElementTypeCell[1]/XCUIElementTypeOther/XCUIElementTypeOther[1]}
	at Tests.CartItemTest.openTableSize(CartItemTest.java:78)
</error>
    <system-out><![CDATA[Приложение запущено

Click on element: By.xpath: //XCUIElementTypeApplication[@name="Sportmaster"]/XCUIElementTypeWindow[1]/XCUIElementTypeOther/XCUIElementTypeTabBar/XCUIElementTypeOther/XCUIElementTypeButton[2]
Click on element: By.xpath: //XCUIElementTypeSearchField[@name=" Поиск по каталогу"]
Click on element: By.xpath: //XCUIElementTypeButton[@name="Search"]

Приложение закрыто
]]></system-out>
    <system-err><![CDATA[нояб. 30, 2021 3:26:27 PM io.appium.java_client.remote.AppiumCommandExecutor$1 lambda$0
INFO: Detected dialect: W3C
]]></system-err>
  </testcase>
</testsuite>